2024-10-25 20:22:08,085 - INFO - [main.py:68] - Beginning Data Preprocessing...
2024-10-25 20:22:08,086 - INFO - [dataset_processor.py:126] - Processed file already exists at C:\Users\Koon Kiat\OneDrive\Cloud\Projects\Detecting Spam and Phishing Emails Using Machine Learning\Main Code\data_preprocessing\preprocessed_spam_assassin.csv. Loading the file...
2024-10-25 20:22:08,211 - INFO - [dataset_processor.py:126] - Processed file already exists at C:\Users\Koon Kiat\OneDrive\Cloud\Projects\Detecting Spam and Phishing Emails Using Machine Learning\Main Code\data_preprocessing\preprocessed_ceas_08.csv. Loading the file...
2024-10-25 20:22:08,604 - INFO - [label_processing.py:27] - Dataset: CEAS_08
2024-10-25 20:22:08,604 - INFO - [label_processing.py:28] - Total count: 38669
2024-10-25 20:22:08,604 - INFO - [label_processing.py:29] - Total rows: 38669
2024-10-25 20:22:08,604 - INFO - [label_processing.py:30] - Total columns: 7
2024-10-25 20:22:08,606 - INFO - [label_processing.py:38] - Safe percentage: 43.55%
2024-10-25 20:22:08,606 - INFO - [label_processing.py:36] - Not Safe percentage: 56.45%

2024-10-25 20:22:08,606 - INFO - [label_processing.py:27] - Dataset: SpamAssassin
2024-10-25 20:22:08,606 - INFO - [label_processing.py:28] - Total count: 6098
2024-10-25 20:22:08,606 - INFO - [label_processing.py:29] - Total rows: 6098
2024-10-25 20:22:08,606 - INFO - [label_processing.py:30] - Total columns: 3
2024-10-25 20:22:08,606 - INFO - [label_processing.py:38] - Safe percentage: 70.88%
2024-10-25 20:22:08,606 - INFO - [label_processing.py:36] - Not Safe percentage: 29.12%

2024-10-25 20:22:08,607 - INFO - [label_processing.py:27] - Dataset: Combined CEAS_08 and SpamAssassin (No Processing)
2024-10-25 20:22:08,607 - INFO - [label_processing.py:28] - Total count: 44767
2024-10-25 20:22:08,607 - INFO - [label_processing.py:29] - Total rows: 44767
2024-10-25 20:22:08,607 - INFO - [label_processing.py:30] - Total columns: 9
2024-10-25 20:22:08,607 - INFO - [label_processing.py:38] - Safe percentage: 47.28%
2024-10-25 20:22:08,607 - INFO - [label_processing.py:36] - Not Safe percentage: 52.72%

2024-10-25 20:22:08,612 - INFO - [missing_values.py:26] - Total missing values in Combined CEAS_08 and SpamAssassin (No Processing): 113926
2024-10-25 20:22:08,613 - INFO - [missing_values.py:29] - Columns with missing values in Combined CEAS_08 and SpamAssassin (No Processing):
2024-10-25 20:22:08,613 - INFO - [missing_values.py:31] - Column 'group': 38669 missing values
2024-10-25 20:22:08,613 - INFO - [missing_values.py:31] - Column 'text': 38669 missing values
2024-10-25 20:22:08,613 - INFO - [missing_values.py:31] - Column 'sender': 6098 missing values
2024-10-25 20:22:08,613 - INFO - [missing_values.py:31] - Column 'receiver': 6098 missing values
2024-10-25 20:22:08,613 - INFO - [missing_values.py:31] - Column 'date': 6098 missing values
2024-10-25 20:22:08,613 - INFO - [missing_values.py:31] - Column 'subject': 6098 missing values
2024-10-25 20:22:08,613 - INFO - [missing_values.py:31] - Column 'body': 6098 missing values
2024-10-25 20:22:08,613 - INFO - [missing_values.py:31] - Column 'urls': 6098 missing values
2024-10-25 20:22:08,623 - INFO - [main.py:89] - Data Preprocessing completed.

2024-10-25 20:22:08,623 - INFO - [main.py:96] - Beginning Feature Engineering...
2024-10-25 20:22:08,623 - INFO - [feature_engineering.py:400] - Beginning Feature Engineering...
2024-10-25 20:22:08,624 - INFO - [feature_engineering.py:348] - Loading or extracting email headers...
2024-10-25 20:22:08,624 - INFO - [feature_engineering.py:350] - File C:\Users\Koon Kiat\OneDrive\Cloud\Projects\Detecting Spam and Phishing Emails Using Machine Learning\Main Code\feature_engineering\spam_assassin_extracted_email_header.csv already exists. Loading from file.
2024-10-25 20:22:08,644 - INFO - [feature_engineering.py:348] - Loading or extracting email headers...
2024-10-25 20:22:08,644 - INFO - [feature_engineering.py:350] - File C:\Users\Koon Kiat\OneDrive\Cloud\Projects\Detecting Spam and Phishing Emails Using Machine Learning\Main Code\feature_engineering\ceas_extracted_email_header.csv already exists. Loading from file.
2024-10-25 20:22:08,651 - INFO - [feature_engineering.py:411] - Feature Engineering completed.

2024-10-25 20:22:08,651 - INFO - [main.py:104] - Beginning Data Cleaning of CEAS_08 ['sender', 'receiver']...
2024-10-25 20:22:08,651 - INFO - [data_cleaning_headers.py:26] - Output file C:\Users\Koon Kiat\OneDrive\Cloud\Projects\Detecting Spam and Phishing Emails Using Machine Learning\Main Code\data_cleaning\cleaned_ceas_headers.csv already exists. Loading data from C:\Users\Koon Kiat\OneDrive\Cloud\Projects\Detecting Spam and Phishing Emails Using Machine Learning\Main Code\data_cleaning\cleaned_ceas_headers.csv...

2024-10-25 20:22:08,668 - INFO - [main.py:109] - Beginning merging of Cleaned Headers of CEAS_08 with Processed CEAS_08...
2024-10-25 20:22:08,670 - INFO - [main.py:121] - Columns in df_cleaned_ceas_headers: ['sender', 'receiver']
2024-10-25 20:22:08,671 - INFO - [main.py:123] - Columns in df_processed_ceas: ['date', 'subject', 'body', 'label', 'urls']
2024-10-25 20:22:08,675 - INFO - [main.py:134] - Number of missing rows in Merged Cleaned Headers of CEAS_08 DataFrame: 2268
2024-10-25 20:22:08,675 - INFO - [main.py:136] - Total rows in Processed CEAS_08 Dataframe: 38669
2024-10-25 20:22:08,677 - INFO - [main.py:138] - Total rows in Merged Cleaned Headers of CEAS_08 Dataframe: 38669
2024-10-25 20:22:08,677 - INFO - [main.py:147] - The number of rows in the Merged Cleaned Headers of CEAS_08 DataFrame matches Processed CEAS_08.
2024-10-25 20:22:09,377 - INFO - [main.py:151] - Merged Cleaned Headers of CEAS_08 DataFrame successfully saved to C:\Users\Koon Kiat\OneDrive\Cloud\Projects\Detecting Spam and Phishing Emails Using Machine Learning\Main Code\data_cleaning\merged_cleaned_ceas_headers.csv
2024-10-25 20:22:09,377 - INFO - [main.py:154] - Data Cleaning of CEAS_08 ['sender', 'receiver'] completed.

2024-10-25 20:22:09,377 - INFO - [main.py:160] - Beginning Data Integration...
2024-10-25 20:22:09,377 - INFO - [main.py:163] - Merging Processed Spam Assassin and Spam Assassin Header Dataframes...
2024-10-25 20:22:09,380 - INFO - [data_integration.py:20] - The number of rows in the Merged Spam Assassin DataFrame matches the original.
2024-10-25 20:22:09,606 - INFO - [data_integration.py:22] - Merged Spam Assassin DataFrame successfully saved to C:\Users\Koon Kiat\OneDrive\Cloud\Projects\Detecting Spam and Phishing Emails Using Machine Learning\Main Code\data_integration\merged_spam_assassin.csv

2024-10-25 20:22:09,606 - INFO - [main.py:175] - Merging Processed CEAS_08 and CEAS_08 Header Dataframes...
2024-10-25 20:22:09,616 - INFO - [data_integration.py:20] - The number of rows in the Merged CEAS_08 DataFrame matches the original.
2024-10-25 20:22:10,337 - INFO - [data_integration.py:22] - Merged CEAS_08 DataFrame successfully saved to C:\Users\Koon Kiat\OneDrive\Cloud\Projects\Detecting Spam and Phishing Emails Using Machine Learning\Main Code\data_integration\merged_ceas_08.csv

2024-10-25 20:22:10,337 - INFO - [main.py:186] - Merging Spam Assassin and CEAS_08 Dataframes...
2024-10-25 20:22:10,343 - INFO - [data_integration.py:36] - Labels in Merged DataFrame match those in Combined CEAS_08 and SpamAssassin (No Processing).
2024-10-25 20:22:10,344 - INFO - [data_integration.py:46] - Label distributions in Merged DataFrame match those in Combined CEAS_08 and SpamAssassin (No Processing).
2024-10-25 20:22:10,344 - INFO - [data_integration.py:52] - The number of rows in the Merged DataFrame matches the Combined CEAS_08 and SpamAssassin (No Processing).
2024-10-25 20:22:11,299 - INFO - [data_integration.py:56] - Merged DataFrame successfully saved to C:\Users\Koon Kiat\OneDrive\Cloud\Projects\Detecting Spam and Phishing Emails Using Machine Learning\Main Code\data_integration\merged_data_frame.csv
2024-10-25 20:22:11,300 - INFO - [main.py:194] - Data Integration completed.

2024-10-25 20:22:11,300 - INFO - [main.py:199] - Beginning Data Cleaning ['body']...
2024-10-25 20:22:11,300 - INFO - [data_cleaning.py:499] - File data_cleaning/cleaned_data_frame.csv already exists. Loading from file.
2024-10-25 20:22:11,537 - INFO - [data_cleaning.py:603] - Combining Cleaned DataFrame with Merged DataFrame...
2024-10-25 20:22:11,545 - INFO - [data_cleaning.py:611] - Dataframes combined successfully.

2024-10-25 20:22:11,546 - INFO - [data_integration.py:36] - Labels in Merged DataFrame match those in Combined CEAS_08 and SpamAssassin (No Processing).
2024-10-25 20:22:11,547 - INFO - [data_integration.py:46] - Label distributions in Merged DataFrame match those in Combined CEAS_08 and SpamAssassin (No Processing).
2024-10-25 20:22:11,547 - INFO - [data_integration.py:52] - The number of rows in the Merged DataFrame matches the Combined CEAS_08 and SpamAssassin (No Processing).
2024-10-25 20:22:11,968 - INFO - [data_cleaning.py:599] - Data Cleaning completed.

2024-10-25 20:22:11,968 - INFO - [main.py:217] - Beginning Noise Injection...
2024-10-25 20:22:11,968 - INFO - [noise_injection.py:59] - Noisy DataFrame already exists as 'noise_injection/noisy_data_frame.csv'. Loading it.
2024-10-25 20:22:12,259 - INFO - [main.py:220] - Noise Injection completed.

2024-10-25 20:22:12,259 - INFO - [main.py:225] - Beginning Data Splitting...
2024-10-25 20:22:12,259 - INFO - [data_splitting.py:27] - Performing Stratified K-Fold splitting...
2024-10-25 20:22:12,271 - INFO - [data_splitting.py:47] - Processing Fold 1...
2024-10-25 20:22:12,276 - INFO - [data_splitting.py:54] - Fold 1 - y_train distribution: {1: 15735, 0: 14109}, Total: 29844
2024-10-25 20:22:12,276 - INFO - [data_splitting.py:56] - Fold 1 - y_test distribution: {1: 7868, 0: 7055}, Total: 14923
2024-10-25 20:22:12,276 - INFO - [data_splitting.py:58] - Fold 1 - Total Combined: 44767
2024-10-25 20:22:12,711 - INFO - [data_splitting.py:70] - Files saved to data_splitting
2024-10-25 20:22:12,711 - INFO - [data_splitting.py:47] - Processing Fold 2...
2024-10-25 20:22:12,714 - INFO - [data_splitting.py:54] - Fold 2 - y_train distribution: {1: 15736, 0: 14109}, Total: 29845
2024-10-25 20:22:12,714 - INFO - [data_splitting.py:56] - Fold 2 - y_test distribution: {1: 7867, 0: 7055}, Total: 14922
2024-10-25 20:22:12,714 - INFO - [data_splitting.py:58] - Fold 2 - Total Combined: 44767
2024-10-25 20:22:13,180 - INFO - [data_splitting.py:70] - Files saved to data_splitting
2024-10-25 20:22:13,181 - INFO - [data_splitting.py:47] - Processing Fold 3...
2024-10-25 20:22:13,185 - INFO - [data_splitting.py:54] - Fold 3 - y_train distribution: {1: 15735, 0: 14110}, Total: 29845
2024-10-25 20:22:13,185 - INFO - [data_splitting.py:56] - Fold 3 - y_test distribution: {1: 7868, 0: 7054}, Total: 14922
2024-10-25 20:22:13,185 - INFO - [data_splitting.py:58] - Fold 3 - Total Combined: 44767
